[2023-03-03 13:15:04,948] {taskinstance.py:1159} INFO - Dependencies all met for <TaskInstance: avg_product_price.spark_submit manual__2023-03-03T13:14:36.927217+00:00 [queued]>
[2023-03-03 13:15:04,981] {taskinstance.py:1159} INFO - Dependencies all met for <TaskInstance: avg_product_price.spark_submit manual__2023-03-03T13:14:36.927217+00:00 [queued]>
[2023-03-03 13:15:04,981] {taskinstance.py:1356} INFO - 
--------------------------------------------------------------------------------
[2023-03-03 13:15:04,981] {taskinstance.py:1357} INFO - Starting attempt 1 of 2
[2023-03-03 13:15:04,982] {taskinstance.py:1358} INFO - 
--------------------------------------------------------------------------------
[2023-03-03 13:15:05,243] {taskinstance.py:1377} INFO - Executing <Task(SparkSubmitOperator): spark_submit> on 2023-03-03 13:14:36.927217+00:00
[2023-03-03 13:15:05,254] {standard_task_runner.py:52} INFO - Started process 377 to run task
[2023-03-03 13:15:05,261] {standard_task_runner.py:79} INFO - Running: ['***', 'tasks', 'run', 'avg_product_price', 'spark_submit', 'manual__2023-03-03T13:14:36.927217+00:00', '--job-id', '110', '--raw', '--subdir', 'DAGS_FOLDER/avg_product_price.py', '--cfg-path', '/tmp/tmpqhhn6z3g', '--error-file', '/tmp/tmpkjlm596c']
[2023-03-03 13:15:05,264] {standard_task_runner.py:80} INFO - Job 110: Subtask spark_submit
[2023-03-03 13:15:05,455] {task_command.py:370} INFO - Running <TaskInstance: avg_product_price.spark_submit manual__2023-03-03T13:14:36.927217+00:00 [running]> on host ce0b4ae8ff40
[2023-03-03 13:15:05,963] {taskinstance.py:1571} INFO - Exporting the following env vars:
AIRFLOW_CTX_DAG_OWNER=ayyoub
AIRFLOW_CTX_DAG_ID=avg_product_price
AIRFLOW_CTX_TASK_ID=spark_submit
AIRFLOW_CTX_EXECUTION_DATE=2023-03-03T13:14:36.927217+00:00
AIRFLOW_CTX_TRY_NUMBER=1
AIRFLOW_CTX_DAG_RUN_ID=manual__2023-03-03T13:14:36.927217+00:00
[2023-03-03 13:15:06,022] {base.py:68} INFO - Using connection ID 'spark-hadoop' for task execution.
[2023-03-03 13:15:06,028] {spark_submit.py:344} INFO - Spark-Submit cmd: spark-submit --master local[*] --name arrow-spark /hadoop-data/map_reduce/spark/average_price.py
[2023-03-03 13:15:16,560] {spark_submit.py:495} INFO - 23/03/03 13:15:16 INFO SparkContext: Running Spark version 3.3.2
[2023-03-03 13:15:16,731] {spark_submit.py:495} INFO - 23/03/03 13:15:16 WARN NativeCodeLoader: Unable to load native-hadoop library for your platform... using builtin-java classes where applicable
[2023-03-03 13:15:17,022] {spark_submit.py:495} INFO - 23/03/03 13:15:17 INFO ResourceUtils: ==============================================================
[2023-03-03 13:15:17,023] {spark_submit.py:495} INFO - 23/03/03 13:15:17 INFO ResourceUtils: No custom resources configured for spark.driver.
[2023-03-03 13:15:17,026] {spark_submit.py:495} INFO - 23/03/03 13:15:17 INFO ResourceUtils: ==============================================================
[2023-03-03 13:15:17,028] {spark_submit.py:495} INFO - 23/03/03 13:15:17 INFO SparkContext: Submitted application: average_product_price
[2023-03-03 13:15:17,086] {spark_submit.py:495} INFO - 23/03/03 13:15:17 INFO ResourceProfile: Default ResourceProfile created, executor resources: Map(cores -> name: cores, amount: 1, script: , vendor: , memory -> name: memory, amount: 1024, script: , vendor: , offHeap -> name: offHeap, amount: 0, script: , vendor: ), task resources: Map(cpus -> name: cpus, amount: 1.0)
[2023-03-03 13:15:17,109] {spark_submit.py:495} INFO - 23/03/03 13:15:17 INFO ResourceProfile: Limiting resource is cpu
[2023-03-03 13:15:17,113] {spark_submit.py:495} INFO - 23/03/03 13:15:17 INFO ResourceProfileManager: Added ResourceProfile id: 0
[2023-03-03 13:15:17,289] {spark_submit.py:495} INFO - 23/03/03 13:15:17 INFO SecurityManager: Changing view acls to: ***
[2023-03-03 13:15:17,292] {spark_submit.py:495} INFO - 23/03/03 13:15:17 INFO SecurityManager: Changing modify acls to: ***
[2023-03-03 13:15:17,293] {spark_submit.py:495} INFO - 23/03/03 13:15:17 INFO SecurityManager: Changing view acls groups to:
[2023-03-03 13:15:17,296] {spark_submit.py:495} INFO - 23/03/03 13:15:17 INFO SecurityManager: Changing modify acls groups to:
[2023-03-03 13:15:17,303] {spark_submit.py:495} INFO - 23/03/03 13:15:17 INFO SecurityManager: SecurityManager: authentication disabled; ui acls disabled; users  with view permissions: Set(***); groups with view permissions: Set(); users  with modify permissions: Set(***); groups with modify permissions: Set()
[2023-03-03 13:15:20,367] {spark_submit.py:495} INFO - 23/03/03 13:15:20 INFO Utils: Successfully started service 'sparkDriver' on port 37405.
[2023-03-03 13:15:20,787] {spark_submit.py:495} INFO - 23/03/03 13:15:20 INFO SparkEnv: Registering MapOutputTracker
[2023-03-03 13:15:24,628] {spark_submit.py:495} INFO - 23/03/03 13:15:24 INFO SparkEnv: Registering BlockManagerMaster
[2023-03-03 13:15:30,259] {spark_submit.py:495} INFO - 23/03/03 13:15:30 INFO BlockManagerMasterEndpoint: Using org.apache.spark.storage.DefaultTopologyMapper for getting topology information
[2023-03-03 13:15:30,505] {spark_submit.py:495} INFO - 23/03/03 13:15:30 INFO BlockManagerMasterEndpoint: BlockManagerMasterEndpoint up
[2023-03-03 13:15:31,964] {spark_submit.py:495} INFO - 23/03/03 13:15:31 INFO SparkEnv: Registering BlockManagerMasterHeartbeat
[2023-03-03 13:15:42,686] {spark_submit.py:495} INFO - 23/03/03 13:15:42 INFO DiskBlockManager: Created local directory at /tmp/blockmgr-9a30bf0a-e267-4822-97f9-75fb995c263a
[2023-03-03 13:15:42,911] {spark_submit.py:495} INFO - 23/03/03 13:15:42 INFO MemoryStore: MemoryStore started with capacity 434.4 MiB
[2023-03-03 13:15:43,066] {spark_submit.py:495} INFO - 23/03/03 13:15:43 INFO SparkEnv: Registering OutputCommitCoordinator
[2023-03-03 13:15:43,991] {spark_submit.py:495} INFO - 23/03/03 13:15:43 INFO Utils: Successfully started service 'SparkUI' on port 4040.
[2023-03-03 13:15:44,680] {spark_submit.py:495} INFO - 23/03/03 13:15:44 INFO Executor: Starting executor ID driver on host ce0b4ae8ff40
[2023-03-03 13:15:44,728] {spark_submit.py:495} INFO - 23/03/03 13:15:44 INFO Executor: Starting executor with user classpath (userClassPathFirst = false): ''
[2023-03-03 13:15:44,797] {spark_submit.py:495} INFO - 23/03/03 13:15:44 INFO Utils: Successfully started service 'org.apache.spark.network.netty.NettyBlockTransferService' on port 42269.
[2023-03-03 13:15:44,798] {spark_submit.py:495} INFO - 23/03/03 13:15:44 INFO NettyBlockTransferService: Server created on ce0b4ae8ff40:42269
[2023-03-03 13:15:44,800] {spark_submit.py:495} INFO - 23/03/03 13:15:44 INFO BlockManager: Using org.apache.spark.storage.RandomBlockReplicationPolicy for block replication policy
[2023-03-03 13:15:44,832] {spark_submit.py:495} INFO - 23/03/03 13:15:44 INFO BlockManagerMaster: Registering BlockManager BlockManagerId(driver, ce0b4ae8ff40, 42269, None)
[2023-03-03 13:15:44,854] {spark_submit.py:495} INFO - 23/03/03 13:15:44 INFO BlockManagerMasterEndpoint: Registering block manager ce0b4ae8ff40:42269 with 434.4 MiB RAM, BlockManagerId(driver, ce0b4ae8ff40, 42269, None)
[2023-03-03 13:15:44,872] {spark_submit.py:495} INFO - 23/03/03 13:15:44 INFO BlockManagerMaster: Registered BlockManager BlockManagerId(driver, ce0b4ae8ff40, 42269, None)
[2023-03-03 13:15:44,877] {spark_submit.py:495} INFO - 23/03/03 13:15:44 INFO BlockManager: Initialized BlockManager: BlockManagerId(driver, ce0b4ae8ff40, 42269, None)
[2023-03-03 13:15:45,501] {spark_submit.py:495} INFO - /opt/spark-3.3.2-bin-hadoop3/python/lib/pyspark.zip/pyspark/sql/context.py:114: FutureWarning: Deprecated in 3.0.0. Use SparkSession.builder.getOrCreate() instead.
[2023-03-03 13:15:45,866] {spark_submit.py:495} INFO - 23/03/03 13:15:45 INFO SharedState: Setting hive.metastore.warehouse.dir ('null') to the value of spark.sql.warehouse.dir.
[2023-03-03 13:15:45,882] {spark_submit.py:495} INFO - 23/03/03 13:15:45 INFO SharedState: Warehouse path is 'file:/home/***/spark-warehouse'.
[2023-03-03 13:15:49,269] {spark_submit.py:495} INFO - 23/03/03 13:15:49 INFO InMemoryFileIndex: It took 443 ms to list leaf files for 1 paths.
[2023-03-03 13:15:49,535] {spark_submit.py:495} INFO - 23/03/03 13:15:49 INFO InMemoryFileIndex: It took 12 ms to list leaf files for 1 paths.
[2023-03-03 13:16:03,186] {spark_submit.py:495} INFO - 23/03/03 13:16:03 INFO AsyncEventQueue: Process of event SparkListenerExecutorMetricsUpdate(driver,WrappedArray(),Map((-1,-1) -> org.apache.spark.executor.ExecutorMetrics@13ad7b6f)) by listener AppStatusListener took 2.906829703s.
[2023-03-03 13:16:21,002] {taskinstance.py:1889} ERROR - Task failed with exception
Traceback (most recent call last):
  File "/usr/local/lib/python3.7/site-packages/airflow/providers/apache/spark/operators/spark_submit.py", line 157, in execute
    self._hook.submit(self._application)
  File "/usr/local/lib/python3.7/site-packages/airflow/providers/apache/spark/hooks/spark_submit.py", line 427, in submit
    f"Cannot execute: {self._mask_cmd(spark_submit_cmd)}. Error code is: {returncode}."
airflow.exceptions.AirflowException: Cannot execute: spark-submit --master local[*] --name arrow-spark /hadoop-data/map_reduce/spark/average_price.py. Error code is: -9.
[2023-03-03 13:16:21,036] {taskinstance.py:1400} INFO - Marking task as UP_FOR_RETRY. dag_id=avg_product_price, task_id=spark_submit, execution_date=20230303T131436, start_date=20230303T131504, end_date=20230303T131621
[2023-03-03 13:16:21,117] {standard_task_runner.py:97} ERROR - Failed to execute job 110 for task spark_submit (Cannot execute: spark-submit --master local[*] --name arrow-spark /hadoop-data/map_reduce/spark/average_price.py. Error code is: -9.; 377)
[2023-03-03 13:16:21,213] {local_task_job.py:156} INFO - Task exited with return code 1
[2023-03-03 13:16:21,281] {local_task_job.py:273} INFO - 0 downstream tasks scheduled from follow-on schedule check
