[2023-03-03 13:22:39,620] {taskinstance.py:1159} INFO - Dependencies all met for <TaskInstance: avg_product_price.spark_submit manual__2023-03-03T13:22:37.226515+00:00 [queued]>
[2023-03-03 13:22:39,636] {taskinstance.py:1159} INFO - Dependencies all met for <TaskInstance: avg_product_price.spark_submit manual__2023-03-03T13:22:37.226515+00:00 [queued]>
[2023-03-03 13:22:39,637] {taskinstance.py:1356} INFO - 
--------------------------------------------------------------------------------
[2023-03-03 13:22:39,638] {taskinstance.py:1357} INFO - Starting attempt 1 of 2
[2023-03-03 13:22:39,638] {taskinstance.py:1358} INFO - 
--------------------------------------------------------------------------------
[2023-03-03 13:22:39,657] {taskinstance.py:1377} INFO - Executing <Task(SparkSubmitOperator): spark_submit> on 2023-03-03 13:22:37.226515+00:00
[2023-03-03 13:22:39,662] {standard_task_runner.py:52} INFO - Started process 192 to run task
[2023-03-03 13:22:39,665] {standard_task_runner.py:79} INFO - Running: ['***', 'tasks', 'run', 'avg_product_price', 'spark_submit', 'manual__2023-03-03T13:22:37.226515+00:00', '--job-id', '114', '--raw', '--subdir', 'DAGS_FOLDER/avg_product_price.py', '--cfg-path', '/tmp/tmppq0as529', '--error-file', '/tmp/tmpwftua3_2']
[2023-03-03 13:22:39,666] {standard_task_runner.py:80} INFO - Job 114: Subtask spark_submit
[2023-03-03 13:22:39,752] {task_command.py:370} INFO - Running <TaskInstance: avg_product_price.spark_submit manual__2023-03-03T13:22:37.226515+00:00 [running]> on host ce0b4ae8ff40
[2023-03-03 13:22:39,916] {taskinstance.py:1571} INFO - Exporting the following env vars:
AIRFLOW_CTX_DAG_OWNER=ayyoub
AIRFLOW_CTX_DAG_ID=avg_product_price
AIRFLOW_CTX_TASK_ID=spark_submit
AIRFLOW_CTX_EXECUTION_DATE=2023-03-03T13:22:37.226515+00:00
AIRFLOW_CTX_TRY_NUMBER=1
AIRFLOW_CTX_DAG_RUN_ID=manual__2023-03-03T13:22:37.226515+00:00
[2023-03-03 13:22:39,964] {base.py:68} INFO - Using connection ID 'spark-hadoop' for task execution.
[2023-03-03 13:22:39,968] {spark_submit.py:344} INFO - Spark-Submit cmd: spark-submit --master local[*] --name arrow-spark /hadoop-data/map_reduce/spark/average_price.py
[2023-03-03 13:22:43,547] {spark_submit.py:495} INFO - 23/03/03 13:22:43 INFO SparkContext: Running Spark version 3.3.2
[2023-03-03 13:22:43,687] {spark_submit.py:495} INFO - 23/03/03 13:22:43 WARN NativeCodeLoader: Unable to load native-hadoop library for your platform... using builtin-java classes where applicable
[2023-03-03 13:22:43,884] {spark_submit.py:495} INFO - 23/03/03 13:22:43 INFO ResourceUtils: ==============================================================
[2023-03-03 13:22:43,884] {spark_submit.py:495} INFO - 23/03/03 13:22:43 INFO ResourceUtils: No custom resources configured for spark.driver.
[2023-03-03 13:22:43,884] {spark_submit.py:495} INFO - 23/03/03 13:22:43 INFO ResourceUtils: ==============================================================
[2023-03-03 13:22:43,885] {spark_submit.py:495} INFO - 23/03/03 13:22:43 INFO SparkContext: Submitted application: average_product_price
[2023-03-03 13:22:43,919] {spark_submit.py:495} INFO - 23/03/03 13:22:43 INFO ResourceProfile: Default ResourceProfile created, executor resources: Map(cores -> name: cores, amount: 1, script: , vendor: , memory -> name: memory, amount: 1024, script: , vendor: , offHeap -> name: offHeap, amount: 0, script: , vendor: ), task resources: Map(cpus -> name: cpus, amount: 1.0)
[2023-03-03 13:22:43,937] {spark_submit.py:495} INFO - 23/03/03 13:22:43 INFO ResourceProfile: Limiting resource is cpu
[2023-03-03 13:22:43,938] {spark_submit.py:495} INFO - 23/03/03 13:22:43 INFO ResourceProfileManager: Added ResourceProfile id: 0
[2023-03-03 13:22:44,017] {spark_submit.py:495} INFO - 23/03/03 13:22:44 INFO SecurityManager: Changing view acls to: ***
[2023-03-03 13:22:44,018] {spark_submit.py:495} INFO - 23/03/03 13:22:44 INFO SecurityManager: Changing modify acls to: ***
[2023-03-03 13:22:44,019] {spark_submit.py:495} INFO - 23/03/03 13:22:44 INFO SecurityManager: Changing view acls groups to:
[2023-03-03 13:22:44,020] {spark_submit.py:495} INFO - 23/03/03 13:22:44 INFO SecurityManager: Changing modify acls groups to:
[2023-03-03 13:22:44,022] {spark_submit.py:495} INFO - 23/03/03 13:22:44 INFO SecurityManager: SecurityManager: authentication disabled; ui acls disabled; users  with view permissions: Set(***); groups with view permissions: Set(); users  with modify permissions: Set(***); groups with modify permissions: Set()
[2023-03-03 13:22:44,285] {spark_submit.py:495} INFO - 23/03/03 13:22:44 INFO Utils: Successfully started service 'sparkDriver' on port 46733.
[2023-03-03 13:22:44,320] {spark_submit.py:495} INFO - 23/03/03 13:22:44 INFO SparkEnv: Registering MapOutputTracker
[2023-03-03 13:22:44,361] {spark_submit.py:495} INFO - 23/03/03 13:22:44 INFO SparkEnv: Registering BlockManagerMaster
[2023-03-03 13:22:44,388] {spark_submit.py:495} INFO - 23/03/03 13:22:44 INFO BlockManagerMasterEndpoint: Using org.apache.spark.storage.DefaultTopologyMapper for getting topology information
[2023-03-03 13:22:44,389] {spark_submit.py:495} INFO - 23/03/03 13:22:44 INFO BlockManagerMasterEndpoint: BlockManagerMasterEndpoint up
[2023-03-03 13:22:44,394] {spark_submit.py:495} INFO - 23/03/03 13:22:44 INFO SparkEnv: Registering BlockManagerMasterHeartbeat
[2023-03-03 13:22:44,419] {spark_submit.py:495} INFO - 23/03/03 13:22:44 INFO DiskBlockManager: Created local directory at /tmp/blockmgr-e502a5e6-811d-426b-91c0-93c8e621e101
[2023-03-03 13:22:44,444] {spark_submit.py:495} INFO - 23/03/03 13:22:44 INFO MemoryStore: MemoryStore started with capacity 434.4 MiB
[2023-03-03 13:22:44,460] {spark_submit.py:495} INFO - 23/03/03 13:22:44 INFO SparkEnv: Registering OutputCommitCoordinator
[2023-03-03 13:22:44,685] {spark_submit.py:495} INFO - 23/03/03 13:22:44 INFO Utils: Successfully started service 'SparkUI' on port 4040.
[2023-03-03 13:22:44,807] {spark_submit.py:495} INFO - 23/03/03 13:22:44 INFO Executor: Starting executor ID driver on host ce0b4ae8ff40
[2023-03-03 13:22:44,819] {spark_submit.py:495} INFO - 23/03/03 13:22:44 INFO Executor: Starting executor with user classpath (userClassPathFirst = false): ''
[2023-03-03 13:22:44,841] {spark_submit.py:495} INFO - 23/03/03 13:22:44 INFO Utils: Successfully started service 'org.apache.spark.network.netty.NettyBlockTransferService' on port 43249.
[2023-03-03 13:22:44,841] {spark_submit.py:495} INFO - 23/03/03 13:22:44 INFO NettyBlockTransferService: Server created on ce0b4ae8ff40:43249
[2023-03-03 13:22:44,845] {spark_submit.py:495} INFO - 23/03/03 13:22:44 INFO BlockManager: Using org.apache.spark.storage.RandomBlockReplicationPolicy for block replication policy
[2023-03-03 13:22:44,852] {spark_submit.py:495} INFO - 23/03/03 13:22:44 INFO BlockManagerMaster: Registering BlockManager BlockManagerId(driver, ce0b4ae8ff40, 43249, None)
[2023-03-03 13:22:44,865] {spark_submit.py:495} INFO - 23/03/03 13:22:44 INFO BlockManagerMasterEndpoint: Registering block manager ce0b4ae8ff40:43249 with 434.4 MiB RAM, BlockManagerId(driver, ce0b4ae8ff40, 43249, None)
[2023-03-03 13:22:44,868] {spark_submit.py:495} INFO - 23/03/03 13:22:44 INFO BlockManagerMaster: Registered BlockManager BlockManagerId(driver, ce0b4ae8ff40, 43249, None)
[2023-03-03 13:22:44,870] {spark_submit.py:495} INFO - 23/03/03 13:22:44 INFO BlockManager: Initialized BlockManager: BlockManagerId(driver, ce0b4ae8ff40, 43249, None)
[2023-03-03 13:22:45,141] {spark_submit.py:495} INFO - /opt/spark-3.3.2-bin-hadoop3/python/lib/pyspark.zip/pyspark/sql/context.py:114: FutureWarning: Deprecated in 3.0.0. Use SparkSession.builder.getOrCreate() instead.
[2023-03-03 13:22:45,412] {spark_submit.py:495} INFO - 23/03/03 13:22:45 INFO SharedState: Setting hive.metastore.warehouse.dir ('null') to the value of spark.sql.warehouse.dir.
[2023-03-03 13:22:45,427] {spark_submit.py:495} INFO - 23/03/03 13:22:45 INFO SharedState: Warehouse path is 'file:/home/***/spark-warehouse'.
[2023-03-03 13:22:46,893] {spark_submit.py:495} INFO - 23/03/03 13:22:46 INFO InMemoryFileIndex: It took 103 ms to list leaf files for 1 paths.
[2023-03-03 13:22:46,973] {spark_submit.py:495} INFO - 23/03/03 13:22:46 INFO InMemoryFileIndex: It took 6 ms to list leaf files for 1 paths.
[2023-03-03 13:23:08,448] {taskinstance.py:1889} ERROR - Task failed with exception
Traceback (most recent call last):
  File "/usr/local/lib/python3.7/site-packages/airflow/providers/apache/spark/operators/spark_submit.py", line 157, in execute
    self._hook.submit(self._application)
  File "/usr/local/lib/python3.7/site-packages/airflow/providers/apache/spark/hooks/spark_submit.py", line 427, in submit
    f"Cannot execute: {self._mask_cmd(spark_submit_cmd)}. Error code is: {returncode}."
airflow.exceptions.AirflowException: Cannot execute: spark-submit --master local[*] --name arrow-spark /hadoop-data/map_reduce/spark/average_price.py. Error code is: -9.
[2023-03-03 13:23:08,473] {taskinstance.py:1400} INFO - Marking task as UP_FOR_RETRY. dag_id=avg_product_price, task_id=spark_submit, execution_date=20230303T132237, start_date=20230303T132239, end_date=20230303T132308
[2023-03-03 13:23:08,533] {standard_task_runner.py:97} ERROR - Failed to execute job 114 for task spark_submit (Cannot execute: spark-submit --master local[*] --name arrow-spark /hadoop-data/map_reduce/spark/average_price.py. Error code is: -9.; 192)
[2023-03-03 13:23:08,575] {local_task_job.py:156} INFO - Task exited with return code 1
[2023-03-03 13:23:08,624] {local_task_job.py:273} INFO - 0 downstream tasks scheduled from follow-on schedule check
