[2023-03-03 13:11:19,725] {taskinstance.py:1159} INFO - Dependencies all met for <TaskInstance: avg_product_price.spark_submit manual__2023-03-03T13:11:12.744371+00:00 [queued]>
[2023-03-03 13:11:19,769] {taskinstance.py:1159} INFO - Dependencies all met for <TaskInstance: avg_product_price.spark_submit manual__2023-03-03T13:11:12.744371+00:00 [queued]>
[2023-03-03 13:11:19,770] {taskinstance.py:1356} INFO - 
--------------------------------------------------------------------------------
[2023-03-03 13:11:19,770] {taskinstance.py:1357} INFO - Starting attempt 1 of 2
[2023-03-03 13:11:19,770] {taskinstance.py:1358} INFO - 
--------------------------------------------------------------------------------
[2023-03-03 13:11:19,834] {taskinstance.py:1377} INFO - Executing <Task(SparkSubmitOperator): spark_submit> on 2023-03-03 13:11:12.744371+00:00
[2023-03-03 13:11:19,863] {standard_task_runner.py:52} INFO - Started process 212 to run task
[2023-03-03 13:11:19,888] {standard_task_runner.py:79} INFO - Running: ['***', 'tasks', 'run', 'avg_product_price', 'spark_submit', 'manual__2023-03-03T13:11:12.744371+00:00', '--job-id', '109', '--raw', '--subdir', 'DAGS_FOLDER/avg_product_price.py', '--cfg-path', '/tmp/tmp1cskdkgj', '--error-file', '/tmp/tmp1k8v707q']
[2023-03-03 13:11:19,891] {standard_task_runner.py:80} INFO - Job 109: Subtask spark_submit
[2023-03-03 13:11:21,126] {task_command.py:370} INFO - Running <TaskInstance: avg_product_price.spark_submit manual__2023-03-03T13:11:12.744371+00:00 [running]> on host ce0b4ae8ff40
[2023-03-03 13:11:27,094] {taskinstance.py:1571} INFO - Exporting the following env vars:
AIRFLOW_CTX_DAG_OWNER=ayyoub
AIRFLOW_CTX_DAG_ID=avg_product_price
AIRFLOW_CTX_TASK_ID=spark_submit
AIRFLOW_CTX_EXECUTION_DATE=2023-03-03T13:11:12.744371+00:00
AIRFLOW_CTX_TRY_NUMBER=1
AIRFLOW_CTX_DAG_RUN_ID=manual__2023-03-03T13:11:12.744371+00:00
[2023-03-03 13:11:40,728] {base.py:68} INFO - Using connection ID 'spark-hadoop' for task execution.
[2023-03-03 13:11:40,745] {spark_submit.py:344} INFO - Spark-Submit cmd: spark-submit --master local[*] --name arrow-spark /hadoop-data/map_reduce/spark/average_price.py
[2023-03-03 13:11:50,468] {spark_submit.py:495} INFO - 23/03/03 13:11:50 INFO SparkContext: Running Spark version 3.3.2
[2023-03-03 13:11:50,995] {spark_submit.py:495} INFO - 23/03/03 13:11:50 WARN NativeCodeLoader: Unable to load native-hadoop library for your platform... using builtin-java classes where applicable
[2023-03-03 13:11:51,588] {spark_submit.py:495} INFO - 23/03/03 13:11:51 INFO ResourceUtils: ==============================================================
[2023-03-03 13:11:51,592] {spark_submit.py:495} INFO - 23/03/03 13:11:51 INFO ResourceUtils: No custom resources configured for spark.driver.
[2023-03-03 13:11:51,592] {spark_submit.py:495} INFO - 23/03/03 13:11:51 INFO ResourceUtils: ==============================================================
[2023-03-03 13:11:51,592] {spark_submit.py:495} INFO - 23/03/03 13:11:51 INFO SparkContext: Submitted application: average_product_price
[2023-03-03 13:11:51,647] {spark_submit.py:495} INFO - 23/03/03 13:11:51 INFO ResourceProfile: Default ResourceProfile created, executor resources: Map(cores -> name: cores, amount: 1, script: , vendor: , memory -> name: memory, amount: 1024, script: , vendor: , offHeap -> name: offHeap, amount: 0, script: , vendor: ), task resources: Map(cpus -> name: cpus, amount: 1.0)
[2023-03-03 13:11:51,677] {spark_submit.py:495} INFO - 23/03/03 13:11:51 INFO ResourceProfile: Limiting resource is cpu
[2023-03-03 13:11:51,681] {spark_submit.py:495} INFO - 23/03/03 13:11:51 INFO ResourceProfileManager: Added ResourceProfile id: 0
[2023-03-03 13:11:51,818] {spark_submit.py:495} INFO - 23/03/03 13:11:51 INFO SecurityManager: Changing view acls to: ***
[2023-03-03 13:11:51,820] {spark_submit.py:495} INFO - 23/03/03 13:11:51 INFO SecurityManager: Changing modify acls to: ***
[2023-03-03 13:11:51,821] {spark_submit.py:495} INFO - 23/03/03 13:11:51 INFO SecurityManager: Changing view acls groups to:
[2023-03-03 13:11:51,821] {spark_submit.py:495} INFO - 23/03/03 13:11:51 INFO SecurityManager: Changing modify acls groups to:
[2023-03-03 13:11:51,823] {spark_submit.py:495} INFO - 23/03/03 13:11:51 INFO SecurityManager: SecurityManager: authentication disabled; ui acls disabled; users  with view permissions: Set(***); groups with view permissions: Set(); users  with modify permissions: Set(***); groups with modify permissions: Set()
[2023-03-03 13:11:55,667] {spark_submit.py:495} INFO - 23/03/03 13:11:55 INFO Utils: Successfully started service 'sparkDriver' on port 36001.
[2023-03-03 13:11:55,883] {spark_submit.py:495} INFO - 23/03/03 13:11:55 INFO SparkEnv: Registering MapOutputTracker
[2023-03-03 13:11:56,377] {spark_submit.py:495} INFO - 23/03/03 13:11:56 INFO SparkEnv: Registering BlockManagerMaster
[2023-03-03 13:11:56,569] {spark_submit.py:495} INFO - 23/03/03 13:11:56 INFO BlockManagerMasterEndpoint: Using org.apache.spark.storage.DefaultTopologyMapper for getting topology information
[2023-03-03 13:11:56,572] {spark_submit.py:495} INFO - 23/03/03 13:11:56 INFO BlockManagerMasterEndpoint: BlockManagerMasterEndpoint up
[2023-03-03 13:11:56,604] {spark_submit.py:495} INFO - 23/03/03 13:11:56 INFO SparkEnv: Registering BlockManagerMasterHeartbeat
[2023-03-03 13:11:57,251] {spark_submit.py:495} INFO - 23/03/03 13:11:57 INFO DiskBlockManager: Created local directory at /tmp/blockmgr-a572c9fc-200e-461a-b632-be608c1ef5e7
[2023-03-03 13:11:58,187] {spark_submit.py:495} INFO - 23/03/03 13:11:58 INFO MemoryStore: MemoryStore started with capacity 434.4 MiB
[2023-03-03 13:11:58,493] {spark_submit.py:495} INFO - 23/03/03 13:11:58 INFO SparkEnv: Registering OutputCommitCoordinator
[2023-03-03 13:12:20,567] {spark_submit.py:495} INFO - 23/03/03 13:12:20 INFO Utils: Successfully started service 'SparkUI' on port 4040.
[2023-03-03 13:12:21,159] {spark_submit.py:495} INFO - 23/03/03 13:12:21 INFO Executor: Starting executor ID driver on host ce0b4ae8ff40
[2023-03-03 13:12:21,183] {spark_submit.py:495} INFO - 23/03/03 13:12:21 INFO Executor: Starting executor with user classpath (userClassPathFirst = false): ''
[2023-03-03 13:12:21,308] {spark_submit.py:495} INFO - 23/03/03 13:12:21 INFO Utils: Successfully started service 'org.apache.spark.network.netty.NettyBlockTransferService' on port 41367.
[2023-03-03 13:12:21,312] {spark_submit.py:495} INFO - 23/03/03 13:12:21 INFO NettyBlockTransferService: Server created on ce0b4ae8ff40:41367
[2023-03-03 13:12:21,321] {spark_submit.py:495} INFO - 23/03/03 13:12:21 INFO BlockManager: Using org.apache.spark.storage.RandomBlockReplicationPolicy for block replication policy
[2023-03-03 13:12:21,339] {spark_submit.py:495} INFO - 23/03/03 13:12:21 INFO BlockManagerMaster: Registering BlockManager BlockManagerId(driver, ce0b4ae8ff40, 41367, None)
[2023-03-03 13:12:21,353] {spark_submit.py:495} INFO - 23/03/03 13:12:21 INFO BlockManagerMasterEndpoint: Registering block manager ce0b4ae8ff40:41367 with 434.4 MiB RAM, BlockManagerId(driver, ce0b4ae8ff40, 41367, None)
[2023-03-03 13:12:21,368] {spark_submit.py:495} INFO - 23/03/03 13:12:21 INFO BlockManagerMaster: Registered BlockManager BlockManagerId(driver, ce0b4ae8ff40, 41367, None)
[2023-03-03 13:12:21,373] {spark_submit.py:495} INFO - 23/03/03 13:12:21 INFO BlockManager: Initialized BlockManager: BlockManagerId(driver, ce0b4ae8ff40, 41367, None)
[2023-03-03 13:12:22,026] {spark_submit.py:495} INFO - /opt/spark-3.3.2-bin-hadoop3/python/lib/pyspark.zip/pyspark/sql/context.py:114: FutureWarning: Deprecated in 3.0.0. Use SparkSession.builder.getOrCreate() instead.
[2023-03-03 13:12:22,527] {spark_submit.py:495} INFO - 23/03/03 13:12:22 INFO SharedState: Setting hive.metastore.warehouse.dir ('null') to the value of spark.sql.warehouse.dir.
[2023-03-03 13:12:22,556] {spark_submit.py:495} INFO - 23/03/03 13:12:22 INFO SharedState: Warehouse path is 'file:/home/***/spark-warehouse'.
[2023-03-03 13:12:26,233] {spark_submit.py:495} INFO - 23/03/03 13:12:26 INFO InMemoryFileIndex: It took 514 ms to list leaf files for 1 paths.
[2023-03-03 13:12:26,463] {spark_submit.py:495} INFO - 23/03/03 13:12:26 INFO InMemoryFileIndex: It took 18 ms to list leaf files for 1 paths.
[2023-03-03 13:13:01,669] {taskinstance.py:1889} ERROR - Task failed with exception
Traceback (most recent call last):
  File "/usr/local/lib/python3.7/site-packages/airflow/providers/apache/spark/operators/spark_submit.py", line 157, in execute
    self._hook.submit(self._application)
  File "/usr/local/lib/python3.7/site-packages/airflow/providers/apache/spark/hooks/spark_submit.py", line 427, in submit
    f"Cannot execute: {self._mask_cmd(spark_submit_cmd)}. Error code is: {returncode}."
airflow.exceptions.AirflowException: Cannot execute: spark-submit --master local[*] --name arrow-spark /hadoop-data/map_reduce/spark/average_price.py. Error code is: -9.
[2023-03-03 13:13:01,741] {taskinstance.py:1400} INFO - Marking task as UP_FOR_RETRY. dag_id=avg_product_price, task_id=spark_submit, execution_date=20230303T131112, start_date=20230303T131119, end_date=20230303T131301
[2023-03-03 13:13:01,903] {standard_task_runner.py:97} ERROR - Failed to execute job 109 for task spark_submit (Cannot execute: spark-submit --master local[*] --name arrow-spark /hadoop-data/map_reduce/spark/average_price.py. Error code is: -9.; 212)
[2023-03-03 13:13:02,007] {local_task_job.py:156} INFO - Task exited with return code 1
[2023-03-03 13:13:02,547] {local_task_job.py:273} INFO - 0 downstream tasks scheduled from follow-on schedule check
