[2023-03-03 13:18:03,863] {taskinstance.py:1159} INFO - Dependencies all met for <TaskInstance: avg_product_price.spark_submit manual__2023-03-03T13:11:12.744371+00:00 [queued]>
[2023-03-03 13:18:03,880] {taskinstance.py:1159} INFO - Dependencies all met for <TaskInstance: avg_product_price.spark_submit manual__2023-03-03T13:11:12.744371+00:00 [queued]>
[2023-03-03 13:18:03,880] {taskinstance.py:1356} INFO - 
--------------------------------------------------------------------------------
[2023-03-03 13:18:03,881] {taskinstance.py:1357} INFO - Starting attempt 2 of 2
[2023-03-03 13:18:03,881] {taskinstance.py:1358} INFO - 
--------------------------------------------------------------------------------
[2023-03-03 13:18:03,918] {taskinstance.py:1377} INFO - Executing <Task(SparkSubmitOperator): spark_submit> on 2023-03-03 13:11:12.744371+00:00
[2023-03-03 13:18:03,923] {standard_task_runner.py:52} INFO - Started process 537 to run task
[2023-03-03 13:18:03,926] {standard_task_runner.py:79} INFO - Running: ['***', 'tasks', 'run', 'avg_product_price', 'spark_submit', 'manual__2023-03-03T13:11:12.744371+00:00', '--job-id', '111', '--raw', '--subdir', 'DAGS_FOLDER/avg_product_price.py', '--cfg-path', '/tmp/tmp_uidm6t6', '--error-file', '/tmp/tmp0bnio559']
[2023-03-03 13:18:03,928] {standard_task_runner.py:80} INFO - Job 111: Subtask spark_submit
[2023-03-03 13:18:03,985] {task_command.py:370} INFO - Running <TaskInstance: avg_product_price.spark_submit manual__2023-03-03T13:11:12.744371+00:00 [running]> on host ce0b4ae8ff40
[2023-03-03 13:18:04,221] {taskinstance.py:1571} INFO - Exporting the following env vars:
AIRFLOW_CTX_DAG_OWNER=ayyoub
AIRFLOW_CTX_DAG_ID=avg_product_price
AIRFLOW_CTX_TASK_ID=spark_submit
AIRFLOW_CTX_EXECUTION_DATE=2023-03-03T13:11:12.744371+00:00
AIRFLOW_CTX_TRY_NUMBER=2
AIRFLOW_CTX_DAG_RUN_ID=manual__2023-03-03T13:11:12.744371+00:00
[2023-03-03 13:18:04,239] {base.py:68} INFO - Using connection ID 'spark-hadoop' for task execution.
[2023-03-03 13:18:04,241] {spark_submit.py:344} INFO - Spark-Submit cmd: spark-submit --master local[*] --name arrow-spark /hadoop-data/map_reduce/spark/average_price.py
[2023-03-03 13:18:07,167] {spark_submit.py:495} INFO - 23/03/03 13:18:07 INFO SparkContext: Running Spark version 3.3.2
[2023-03-03 13:18:07,281] {spark_submit.py:495} INFO - 23/03/03 13:18:07 WARN NativeCodeLoader: Unable to load native-hadoop library for your platform... using builtin-java classes where applicable
[2023-03-03 13:18:07,390] {spark_submit.py:495} INFO - 23/03/03 13:18:07 INFO ResourceUtils: ==============================================================
[2023-03-03 13:18:07,390] {spark_submit.py:495} INFO - 23/03/03 13:18:07 INFO ResourceUtils: No custom resources configured for spark.driver.
[2023-03-03 13:18:07,390] {spark_submit.py:495} INFO - 23/03/03 13:18:07 INFO ResourceUtils: ==============================================================
[2023-03-03 13:18:07,392] {spark_submit.py:495} INFO - 23/03/03 13:18:07 INFO SparkContext: Submitted application: average_product_price
[2023-03-03 13:18:07,417] {spark_submit.py:495} INFO - 23/03/03 13:18:07 INFO ResourceProfile: Default ResourceProfile created, executor resources: Map(cores -> name: cores, amount: 1, script: , vendor: , memory -> name: memory, amount: 1024, script: , vendor: , offHeap -> name: offHeap, amount: 0, script: , vendor: ), task resources: Map(cpus -> name: cpus, amount: 1.0)
[2023-03-03 13:18:07,435] {spark_submit.py:495} INFO - 23/03/03 13:18:07 INFO ResourceProfile: Limiting resource is cpu
[2023-03-03 13:18:07,435] {spark_submit.py:495} INFO - 23/03/03 13:18:07 INFO ResourceProfileManager: Added ResourceProfile id: 0
[2023-03-03 13:18:07,486] {spark_submit.py:495} INFO - 23/03/03 13:18:07 INFO SecurityManager: Changing view acls to: ***
[2023-03-03 13:18:07,487] {spark_submit.py:495} INFO - 23/03/03 13:18:07 INFO SecurityManager: Changing modify acls to: ***
[2023-03-03 13:18:07,487] {spark_submit.py:495} INFO - 23/03/03 13:18:07 INFO SecurityManager: Changing view acls groups to:
[2023-03-03 13:18:07,488] {spark_submit.py:495} INFO - 23/03/03 13:18:07 INFO SecurityManager: Changing modify acls groups to:
[2023-03-03 13:18:07,489] {spark_submit.py:495} INFO - 23/03/03 13:18:07 INFO SecurityManager: SecurityManager: authentication disabled; ui acls disabled; users  with view permissions: Set(***); groups with view permissions: Set(); users  with modify permissions: Set(***); groups with modify permissions: Set()
[2023-03-03 13:18:07,832] {spark_submit.py:495} INFO - 23/03/03 13:18:07 INFO Utils: Successfully started service 'sparkDriver' on port 40341.
[2023-03-03 13:18:07,871] {spark_submit.py:495} INFO - 23/03/03 13:18:07 INFO SparkEnv: Registering MapOutputTracker
[2023-03-03 13:18:07,921] {spark_submit.py:495} INFO - 23/03/03 13:18:07 INFO SparkEnv: Registering BlockManagerMaster
[2023-03-03 13:18:07,940] {spark_submit.py:495} INFO - 23/03/03 13:18:07 INFO BlockManagerMasterEndpoint: Using org.apache.spark.storage.DefaultTopologyMapper for getting topology information
[2023-03-03 13:18:07,941] {spark_submit.py:495} INFO - 23/03/03 13:18:07 INFO BlockManagerMasterEndpoint: BlockManagerMasterEndpoint up
[2023-03-03 13:18:07,951] {spark_submit.py:495} INFO - 23/03/03 13:18:07 INFO SparkEnv: Registering BlockManagerMasterHeartbeat
[2023-03-03 13:18:07,981] {spark_submit.py:495} INFO - 23/03/03 13:18:07 INFO DiskBlockManager: Created local directory at /tmp/blockmgr-0cbc8ba8-66ea-4ce2-92a6-f4a0a2f34f8a
[2023-03-03 13:18:08,003] {spark_submit.py:495} INFO - 23/03/03 13:18:08 INFO MemoryStore: MemoryStore started with capacity 434.4 MiB
[2023-03-03 13:18:08,030] {spark_submit.py:495} INFO - 23/03/03 13:18:08 INFO SparkEnv: Registering OutputCommitCoordinator
[2023-03-03 13:18:08,243] {spark_submit.py:495} INFO - 23/03/03 13:18:08 INFO Utils: Successfully started service 'SparkUI' on port 4040.
[2023-03-03 13:18:08,342] {spark_submit.py:495} INFO - 23/03/03 13:18:08 INFO Executor: Starting executor ID driver on host ce0b4ae8ff40
[2023-03-03 13:18:08,352] {spark_submit.py:495} INFO - 23/03/03 13:18:08 INFO Executor: Starting executor with user classpath (userClassPathFirst = false): ''
[2023-03-03 13:18:08,375] {spark_submit.py:495} INFO - 23/03/03 13:18:08 INFO Utils: Successfully started service 'org.apache.spark.network.netty.NettyBlockTransferService' on port 40839.
[2023-03-03 13:18:08,376] {spark_submit.py:495} INFO - 23/03/03 13:18:08 INFO NettyBlockTransferService: Server created on ce0b4ae8ff40:40839
[2023-03-03 13:18:08,379] {spark_submit.py:495} INFO - 23/03/03 13:18:08 INFO BlockManager: Using org.apache.spark.storage.RandomBlockReplicationPolicy for block replication policy
[2023-03-03 13:18:08,391] {spark_submit.py:495} INFO - 23/03/03 13:18:08 INFO BlockManagerMaster: Registering BlockManager BlockManagerId(driver, ce0b4ae8ff40, 40839, None)
[2023-03-03 13:18:08,408] {spark_submit.py:495} INFO - 23/03/03 13:18:08 INFO BlockManagerMasterEndpoint: Registering block manager ce0b4ae8ff40:40839 with 434.4 MiB RAM, BlockManagerId(driver, ce0b4ae8ff40, 40839, None)
[2023-03-03 13:18:08,413] {spark_submit.py:495} INFO - 23/03/03 13:18:08 INFO BlockManagerMaster: Registered BlockManager BlockManagerId(driver, ce0b4ae8ff40, 40839, None)
[2023-03-03 13:18:08,414] {spark_submit.py:495} INFO - 23/03/03 13:18:08 INFO BlockManager: Initialized BlockManager: BlockManagerId(driver, ce0b4ae8ff40, 40839, None)
[2023-03-03 13:18:08,717] {spark_submit.py:495} INFO - /opt/spark-3.3.2-bin-hadoop3/python/lib/pyspark.zip/pyspark/sql/context.py:114: FutureWarning: Deprecated in 3.0.0. Use SparkSession.builder.getOrCreate() instead.
[2023-03-03 13:18:08,961] {spark_submit.py:495} INFO - 23/03/03 13:18:08 INFO SharedState: Setting hive.metastore.warehouse.dir ('null') to the value of spark.sql.warehouse.dir.
[2023-03-03 13:18:09,032] {spark_submit.py:495} INFO - 23/03/03 13:18:09 INFO SharedState: Warehouse path is 'file:/home/***/spark-warehouse'.
[2023-03-03 13:18:12,440] {spark_submit.py:495} INFO - 23/03/03 13:18:12 INFO InMemoryFileIndex: It took 147 ms to list leaf files for 1 paths.
[2023-03-03 13:18:12,569] {spark_submit.py:495} INFO - 23/03/03 13:18:12 INFO InMemoryFileIndex: It took 12 ms to list leaf files for 1 paths.
[2023-03-03 13:18:23,101] {taskinstance.py:1889} ERROR - Task failed with exception
Traceback (most recent call last):
  File "/usr/local/lib/python3.7/site-packages/airflow/providers/apache/spark/operators/spark_submit.py", line 157, in execute
    self._hook.submit(self._application)
  File "/usr/local/lib/python3.7/site-packages/airflow/providers/apache/spark/hooks/spark_submit.py", line 427, in submit
    f"Cannot execute: {self._mask_cmd(spark_submit_cmd)}. Error code is: {returncode}."
airflow.exceptions.AirflowException: Cannot execute: spark-submit --master local[*] --name arrow-spark /hadoop-data/map_reduce/spark/average_price.py. Error code is: -9.
[2023-03-03 13:18:23,121] {taskinstance.py:1400} INFO - Marking task as FAILED. dag_id=avg_product_price, task_id=spark_submit, execution_date=20230303T131112, start_date=20230303T131803, end_date=20230303T131823
[2023-03-03 13:18:23,255] {standard_task_runner.py:97} ERROR - Failed to execute job 111 for task spark_submit (Cannot execute: spark-submit --master local[*] --name arrow-spark /hadoop-data/map_reduce/spark/average_price.py. Error code is: -9.; 537)
[2023-03-03 13:18:23,336] {local_task_job.py:156} INFO - Task exited with return code 1
[2023-03-03 13:18:23,496] {local_task_job.py:273} INFO - 0 downstream tasks scheduled from follow-on schedule check
