[2023-03-03 14:03:20,178] {taskinstance.py:1159} INFO - Dependencies all met for <TaskInstance: lowest_rated_movies.spark_submit manual__2023-03-03T14:03:18.480648+00:00 [queued]>
[2023-03-03 14:03:20,188] {taskinstance.py:1159} INFO - Dependencies all met for <TaskInstance: lowest_rated_movies.spark_submit manual__2023-03-03T14:03:18.480648+00:00 [queued]>
[2023-03-03 14:03:20,189] {taskinstance.py:1356} INFO - 
--------------------------------------------------------------------------------
[2023-03-03 14:03:20,189] {taskinstance.py:1357} INFO - Starting attempt 1 of 2
[2023-03-03 14:03:20,189] {taskinstance.py:1358} INFO - 
--------------------------------------------------------------------------------
[2023-03-03 14:03:20,201] {taskinstance.py:1377} INFO - Executing <Task(SparkSubmitOperator): spark_submit> on 2023-03-03 14:03:18.480648+00:00
[2023-03-03 14:03:20,205] {standard_task_runner.py:52} INFO - Started process 527 to run task
[2023-03-03 14:03:20,208] {standard_task_runner.py:79} INFO - Running: ['***', 'tasks', 'run', 'lowest_rated_movies', 'spark_submit', 'manual__2023-03-03T14:03:18.480648+00:00', '--job-id', '4', '--raw', '--subdir', 'DAGS_FOLDER/lowest_rated_movies.py', '--cfg-path', '/tmp/tmp253pbo6u', '--error-file', '/tmp/tmpu_vrjkze']
[2023-03-03 14:03:20,209] {standard_task_runner.py:80} INFO - Job 4: Subtask spark_submit
[2023-03-03 14:03:20,254] {task_command.py:370} INFO - Running <TaskInstance: lowest_rated_movies.spark_submit manual__2023-03-03T14:03:18.480648+00:00 [running]> on host 980a06e159c8
[2023-03-03 14:03:20,316] {taskinstance.py:1571} INFO - Exporting the following env vars:
AIRFLOW_CTX_DAG_OWNER=ayyoub
AIRFLOW_CTX_DAG_ID=lowest_rated_movies
AIRFLOW_CTX_TASK_ID=spark_submit
AIRFLOW_CTX_EXECUTION_DATE=2023-03-03T14:03:18.480648+00:00
AIRFLOW_CTX_TRY_NUMBER=1
AIRFLOW_CTX_DAG_RUN_ID=manual__2023-03-03T14:03:18.480648+00:00
[2023-03-03 14:03:20,325] {base.py:68} INFO - Using connection ID 'spark-hadoop' for task execution.
[2023-03-03 14:03:20,326] {spark_submit.py:344} INFO - Spark-Submit cmd: spark-submit --master local[*] --name arrow-spark /hadoop-data/map_reduce/spark/lowest_rated_movies_spark.py
[2023-03-03 14:03:22,212] {spark_submit.py:495} INFO - 23/03/03 14:03:22 INFO SparkContext: Running Spark version 3.3.2
[2023-03-03 14:03:22,264] {spark_submit.py:495} INFO - 23/03/03 14:03:22 WARN NativeCodeLoader: Unable to load native-hadoop library for your platform... using builtin-java classes where applicable
[2023-03-03 14:03:22,333] {spark_submit.py:495} INFO - 23/03/03 14:03:22 INFO ResourceUtils: ==============================================================
[2023-03-03 14:03:22,334] {spark_submit.py:495} INFO - 23/03/03 14:03:22 INFO ResourceUtils: No custom resources configured for spark.driver.
[2023-03-03 14:03:22,334] {spark_submit.py:495} INFO - 23/03/03 14:03:22 INFO ResourceUtils: ==============================================================
[2023-03-03 14:03:22,334] {spark_submit.py:495} INFO - 23/03/03 14:03:22 INFO SparkContext: Submitted application: WorstMovies
[2023-03-03 14:03:22,353] {spark_submit.py:495} INFO - 23/03/03 14:03:22 INFO ResourceProfile: Default ResourceProfile created, executor resources: Map(cores -> name: cores, amount: 1, script: , vendor: , memory -> name: memory, amount: 1024, script: , vendor: , offHeap -> name: offHeap, amount: 0, script: , vendor: ), task resources: Map(cpus -> name: cpus, amount: 1.0)
[2023-03-03 14:03:22,363] {spark_submit.py:495} INFO - 23/03/03 14:03:22 INFO ResourceProfile: Limiting resource is cpu
[2023-03-03 14:03:22,364] {spark_submit.py:495} INFO - 23/03/03 14:03:22 INFO ResourceProfileManager: Added ResourceProfile id: 0
[2023-03-03 14:03:22,409] {spark_submit.py:495} INFO - 23/03/03 14:03:22 INFO SecurityManager: Changing view acls to: ***
[2023-03-03 14:03:22,410] {spark_submit.py:495} INFO - 23/03/03 14:03:22 INFO SecurityManager: Changing modify acls to: ***
[2023-03-03 14:03:22,410] {spark_submit.py:495} INFO - 23/03/03 14:03:22 INFO SecurityManager: Changing view acls groups to:
[2023-03-03 14:03:22,411] {spark_submit.py:495} INFO - 23/03/03 14:03:22 INFO SecurityManager: Changing modify acls groups to:
[2023-03-03 14:03:22,411] {spark_submit.py:495} INFO - 23/03/03 14:03:22 INFO SecurityManager: SecurityManager: authentication disabled; ui acls disabled; users  with view permissions: Set(***); groups with view permissions: Set(); users  with modify permissions: Set(***); groups with modify permissions: Set()
[2023-03-03 14:03:22,602] {spark_submit.py:495} INFO - 23/03/03 14:03:22 INFO Utils: Successfully started service 'sparkDriver' on port 44177.
[2023-03-03 14:03:22,625] {spark_submit.py:495} INFO - 23/03/03 14:03:22 INFO SparkEnv: Registering MapOutputTracker
[2023-03-03 14:03:22,653] {spark_submit.py:495} INFO - 23/03/03 14:03:22 INFO SparkEnv: Registering BlockManagerMaster
[2023-03-03 14:03:22,666] {spark_submit.py:495} INFO - 23/03/03 14:03:22 INFO BlockManagerMasterEndpoint: Using org.apache.spark.storage.DefaultTopologyMapper for getting topology information
[2023-03-03 14:03:22,666] {spark_submit.py:495} INFO - 23/03/03 14:03:22 INFO BlockManagerMasterEndpoint: BlockManagerMasterEndpoint up
[2023-03-03 14:03:22,672] {spark_submit.py:495} INFO - 23/03/03 14:03:22 INFO SparkEnv: Registering BlockManagerMasterHeartbeat
[2023-03-03 14:03:22,691] {spark_submit.py:495} INFO - 23/03/03 14:03:22 INFO DiskBlockManager: Created local directory at /tmp/blockmgr-473c0cb6-4e24-48ac-920e-06a728abdbe5
[2023-03-03 14:03:22,705] {spark_submit.py:495} INFO - 23/03/03 14:03:22 INFO MemoryStore: MemoryStore started with capacity 434.4 MiB
[2023-03-03 14:03:22,720] {spark_submit.py:495} INFO - 23/03/03 14:03:22 INFO SparkEnv: Registering OutputCommitCoordinator
[2023-03-03 14:03:22,894] {spark_submit.py:495} INFO - 23/03/03 14:03:22 INFO Utils: Successfully started service 'SparkUI' on port 4040.
[2023-03-03 14:03:22,990] {spark_submit.py:495} INFO - 23/03/03 14:03:22 INFO Executor: Starting executor ID driver on host 980a06e159c8
[2023-03-03 14:03:22,997] {spark_submit.py:495} INFO - 23/03/03 14:03:22 INFO Executor: Starting executor with user classpath (userClassPathFirst = false): ''
[2023-03-03 14:03:23,018] {spark_submit.py:495} INFO - 23/03/03 14:03:23 INFO Utils: Successfully started service 'org.apache.spark.network.netty.NettyBlockTransferService' on port 39301.
[2023-03-03 14:03:23,018] {spark_submit.py:495} INFO - 23/03/03 14:03:23 INFO NettyBlockTransferService: Server created on 980a06e159c8:39301
[2023-03-03 14:03:23,020] {spark_submit.py:495} INFO - 23/03/03 14:03:23 INFO BlockManager: Using org.apache.spark.storage.RandomBlockReplicationPolicy for block replication policy
[2023-03-03 14:03:23,025] {spark_submit.py:495} INFO - 23/03/03 14:03:23 INFO BlockManagerMaster: Registering BlockManager BlockManagerId(driver, 980a06e159c8, 39301, None)
[2023-03-03 14:03:23,028] {spark_submit.py:495} INFO - 23/03/03 14:03:23 INFO BlockManagerMasterEndpoint: Registering block manager 980a06e159c8:39301 with 434.4 MiB RAM, BlockManagerId(driver, 980a06e159c8, 39301, None)
[2023-03-03 14:03:23,030] {spark_submit.py:495} INFO - 23/03/03 14:03:23 INFO BlockManagerMaster: Registered BlockManager BlockManagerId(driver, 980a06e159c8, 39301, None)
[2023-03-03 14:03:23,032] {spark_submit.py:495} INFO - 23/03/03 14:03:23 INFO BlockManager: Initialized BlockManager: BlockManagerId(driver, 980a06e159c8, 39301, None)
[2023-03-03 14:03:23,523] {spark_submit.py:495} INFO - 23/03/03 14:03:23 INFO MemoryStore: Block broadcast_0 stored as values in memory (estimated size 231.2 KiB, free 434.2 MiB)
[2023-03-03 14:03:23,575] {spark_submit.py:495} INFO - 23/03/03 14:03:23 INFO MemoryStore: Block broadcast_0_piece0 stored as bytes in memory (estimated size 34.2 KiB, free 434.1 MiB)
[2023-03-03 14:03:23,578] {spark_submit.py:495} INFO - 23/03/03 14:03:23 INFO BlockManagerInfo: Added broadcast_0_piece0 in memory on 980a06e159c8:39301 (size: 34.2 KiB, free: 434.4 MiB)
[2023-03-03 14:03:23,583] {spark_submit.py:495} INFO - 23/03/03 14:03:23 INFO SparkContext: Created broadcast 0 from textFile at NativeMethodAccessorImpl.java:0
[2023-03-03 14:03:23,962] {spark_submit.py:495} INFO - Traceback (most recent call last):
[2023-03-03 14:03:23,963] {spark_submit.py:495} INFO - File "/hadoop-data/map_reduce/spark/lowest_rated_movies_spark.py", line 40, in <module>
[2023-03-03 14:03:23,964] {spark_submit.py:495} INFO - ratingTotalsAndCount = movieRatings.reduceByKey(lambda movie1, movie2: (movie1[0] + movie2[0], movie1[1] + movie2[1]) )
[2023-03-03 14:03:23,965] {spark_submit.py:495} INFO - File "/opt/spark-3.3.2-bin-hadoop3/python/lib/pyspark.zip/pyspark/rdd.py", line 2275, in reduceByKey
[2023-03-03 14:03:23,966] {spark_submit.py:495} INFO - File "/opt/spark-3.3.2-bin-hadoop3/python/lib/pyspark.zip/pyspark/rdd.py", line 2546, in combineByKey
[2023-03-03 14:03:23,967] {spark_submit.py:495} INFO - File "/opt/spark-3.3.2-bin-hadoop3/python/lib/pyspark.zip/pyspark/rdd.py", line 3074, in _defaultReducePartitions
[2023-03-03 14:03:23,968] {spark_submit.py:495} INFO - File "/opt/spark-3.3.2-bin-hadoop3/python/lib/pyspark.zip/pyspark/rdd.py", line 3491, in getNumPartitions
[2023-03-03 14:03:23,968] {spark_submit.py:495} INFO - File "/opt/spark-3.3.2-bin-hadoop3/python/lib/py4j-0.10.9.5-src.zip/py4j/java_gateway.py", line 1322, in __call__
[2023-03-03 14:03:23,969] {spark_submit.py:495} INFO - File "/opt/spark-3.3.2-bin-hadoop3/python/lib/py4j-0.10.9.5-src.zip/py4j/protocol.py", line 328, in get_return_value
[2023-03-03 14:03:23,969] {spark_submit.py:495} INFO - py4j.protocol.Py4JJavaError: An error occurred while calling o21.partitions.
[2023-03-03 14:03:23,970] {spark_submit.py:495} INFO - : org.apache.hadoop.mapred.InvalidInputException: Input path does not exist: hdfs://namenode:8020/user/root/input/u.data
[2023-03-03 14:03:23,971] {spark_submit.py:495} INFO - at org.apache.hadoop.mapred.FileInputFormat.singleThreadedListStatus(FileInputFormat.java:304)
[2023-03-03 14:03:23,972] {spark_submit.py:495} INFO - at org.apache.hadoop.mapred.FileInputFormat.listStatus(FileInputFormat.java:244)
[2023-03-03 14:03:23,974] {spark_submit.py:495} INFO - at org.apache.hadoop.mapred.FileInputFormat.getSplits(FileInputFormat.java:332)
[2023-03-03 14:03:23,974] {spark_submit.py:495} INFO - at org.apache.spark.rdd.HadoopRDD.getPartitions(HadoopRDD.scala:208)
[2023-03-03 14:03:23,976] {spark_submit.py:495} INFO - at org.apache.spark.rdd.RDD.$anonfun$partitions$2(RDD.scala:292)
[2023-03-03 14:03:23,976] {spark_submit.py:495} INFO - at scala.Option.getOrElse(Option.scala:189)
[2023-03-03 14:03:23,977] {spark_submit.py:495} INFO - at org.apache.spark.rdd.RDD.partitions(RDD.scala:288)
[2023-03-03 14:03:23,977] {spark_submit.py:495} INFO - at org.apache.spark.rdd.MapPartitionsRDD.getPartitions(MapPartitionsRDD.scala:49)
[2023-03-03 14:03:23,978] {spark_submit.py:495} INFO - at org.apache.spark.rdd.RDD.$anonfun$partitions$2(RDD.scala:292)
[2023-03-03 14:03:23,978] {spark_submit.py:495} INFO - at scala.Option.getOrElse(Option.scala:189)
[2023-03-03 14:03:23,978] {spark_submit.py:495} INFO - at org.apache.spark.rdd.RDD.partitions(RDD.scala:288)
[2023-03-03 14:03:23,978] {spark_submit.py:495} INFO - at org.apache.spark.api.java.JavaRDDLike.partitions(JavaRDDLike.scala:61)
[2023-03-03 14:03:23,979] {spark_submit.py:495} INFO - at org.apache.spark.api.java.JavaRDDLike.partitions$(JavaRDDLike.scala:61)
[2023-03-03 14:03:23,979] {spark_submit.py:495} INFO - at org.apache.spark.api.java.AbstractJavaRDDLike.partitions(JavaRDDLike.scala:45)
[2023-03-03 14:03:23,979] {spark_submit.py:495} INFO - at java.base/jdk.internal.reflect.NativeMethodAccessorImpl.invoke0(Native Method)
[2023-03-03 14:03:23,979] {spark_submit.py:495} INFO - at java.base/jdk.internal.reflect.NativeMethodAccessorImpl.invoke(NativeMethodAccessorImpl.java:62)
[2023-03-03 14:03:23,979] {spark_submit.py:495} INFO - at java.base/jdk.internal.reflect.DelegatingMethodAccessorImpl.invoke(DelegatingMethodAccessorImpl.java:43)
[2023-03-03 14:03:23,979] {spark_submit.py:495} INFO - at java.base/java.lang.reflect.Method.invoke(Method.java:566)
[2023-03-03 14:03:23,980] {spark_submit.py:495} INFO - at py4j.reflection.MethodInvoker.invoke(MethodInvoker.java:244)
[2023-03-03 14:03:23,981] {spark_submit.py:495} INFO - at py4j.reflection.ReflectionEngine.invoke(ReflectionEngine.java:357)
[2023-03-03 14:03:23,981] {spark_submit.py:495} INFO - at py4j.Gateway.invoke(Gateway.java:282)
[2023-03-03 14:03:23,981] {spark_submit.py:495} INFO - at py4j.commands.AbstractCommand.invokeMethod(AbstractCommand.java:132)
[2023-03-03 14:03:23,983] {spark_submit.py:495} INFO - at py4j.commands.CallCommand.execute(CallCommand.java:79)
[2023-03-03 14:03:23,983] {spark_submit.py:495} INFO - at py4j.ClientServerConnection.waitForCommands(ClientServerConnection.java:182)
[2023-03-03 14:03:23,983] {spark_submit.py:495} INFO - at py4j.ClientServerConnection.run(ClientServerConnection.java:106)
[2023-03-03 14:03:23,984] {spark_submit.py:495} INFO - at java.base/java.lang.Thread.run(Thread.java:829)
[2023-03-03 14:03:23,984] {spark_submit.py:495} INFO - Caused by: java.io.IOException: Input path does not exist: hdfs://namenode:8020/user/root/input/u.data
[2023-03-03 14:03:23,984] {spark_submit.py:495} INFO - at org.apache.hadoop.mapred.FileInputFormat.singleThreadedListStatus(FileInputFormat.java:278)
[2023-03-03 14:03:23,984] {spark_submit.py:495} INFO - ... 25 more
[2023-03-03 14:03:23,984] {spark_submit.py:495} INFO - 
[2023-03-03 14:03:24,032] {spark_submit.py:495} INFO - 23/03/03 14:03:24 INFO SparkContext: Invoking stop() from shutdown hook
[2023-03-03 14:03:24,045] {spark_submit.py:495} INFO - 23/03/03 14:03:24 INFO SparkUI: Stopped Spark web UI at http://980a06e159c8:4040
[2023-03-03 14:03:24,057] {spark_submit.py:495} INFO - 23/03/03 14:03:24 INFO MapOutputTrackerMasterEndpoint: MapOutputTrackerMasterEndpoint stopped!
[2023-03-03 14:03:24,071] {spark_submit.py:495} INFO - 23/03/03 14:03:24 INFO MemoryStore: MemoryStore cleared
[2023-03-03 14:03:24,072] {spark_submit.py:495} INFO - 23/03/03 14:03:24 INFO BlockManager: BlockManager stopped
[2023-03-03 14:03:24,088] {spark_submit.py:495} INFO - 23/03/03 14:03:24 INFO BlockManagerMaster: BlockManagerMaster stopped
[2023-03-03 14:03:24,092] {spark_submit.py:495} INFO - 23/03/03 14:03:24 INFO OutputCommitCoordinator$OutputCommitCoordinatorEndpoint: OutputCommitCoordinator stopped!
[2023-03-03 14:03:24,120] {spark_submit.py:495} INFO - 23/03/03 14:03:24 INFO SparkContext: Successfully stopped SparkContext
[2023-03-03 14:03:24,120] {spark_submit.py:495} INFO - 23/03/03 14:03:24 INFO ShutdownHookManager: Shutdown hook called
[2023-03-03 14:03:24,121] {spark_submit.py:495} INFO - 23/03/03 14:03:24 INFO ShutdownHookManager: Deleting directory /tmp/spark-3682967b-9818-469d-b8c6-95e5ac2be874/pyspark-0bef450f-7f4e-4d46-adc6-d90ffab6c871
[2023-03-03 14:03:24,125] {spark_submit.py:495} INFO - 23/03/03 14:03:24 INFO ShutdownHookManager: Deleting directory /tmp/spark-3682967b-9818-469d-b8c6-95e5ac2be874
[2023-03-03 14:03:24,128] {spark_submit.py:495} INFO - 23/03/03 14:03:24 INFO ShutdownHookManager: Deleting directory /tmp/spark-d684ed68-a092-4491-a04b-c687af720daa
[2023-03-03 14:03:24,205] {taskinstance.py:1889} ERROR - Task failed with exception
Traceback (most recent call last):
  File "/usr/local/lib/python3.7/site-packages/airflow/providers/apache/spark/operators/spark_submit.py", line 157, in execute
    self._hook.submit(self._application)
  File "/usr/local/lib/python3.7/site-packages/airflow/providers/apache/spark/hooks/spark_submit.py", line 427, in submit
    f"Cannot execute: {self._mask_cmd(spark_submit_cmd)}. Error code is: {returncode}."
airflow.exceptions.AirflowException: Cannot execute: spark-submit --master local[*] --name arrow-spark /hadoop-data/map_reduce/spark/lowest_rated_movies_spark.py. Error code is: 1.
[2023-03-03 14:03:24,209] {taskinstance.py:1400} INFO - Marking task as UP_FOR_RETRY. dag_id=lowest_rated_movies, task_id=spark_submit, execution_date=20230303T140318, start_date=20230303T140320, end_date=20230303T140324
[2023-03-03 14:03:24,220] {standard_task_runner.py:97} ERROR - Failed to execute job 4 for task spark_submit (Cannot execute: spark-submit --master local[*] --name arrow-spark /hadoop-data/map_reduce/spark/lowest_rated_movies_spark.py. Error code is: 1.; 527)
[2023-03-03 14:03:24,236] {local_task_job.py:156} INFO - Task exited with return code 1
[2023-03-03 14:03:24,270] {local_task_job.py:273} INFO - 0 downstream tasks scheduled from follow-on schedule check
